1560764697078:help
1560764740451:quite
1560764742582:quit
1560764772391:help
1560764778087:searching
1560764933418:\\q
1560764934865:quit
1560764948564:help
1560764958931:showfields
1560764961505:search
1560765311012:quit
1560765323599:help
1560765330916:search
1560765362865:search help
1560765367388:search --help
1560765431912:help search
1560765993737:quit
1560766008963:help
1560766012889:help search
1560766032218:search ticket
1560766035115:search ticket abc
1560766065873:quit
1560766090436:search
1560766106794:search ticket
1560766109476:search ticket abc
1560766115662:search user abc
1560766132950:search user2 abc
1560766142975:stacktrace
1560775384949:\\q
1560775386675:exit
1560781752285:quit
1560781767394:help
1560781771280:search
1560781775973:help search
1560781795889:search ticket _id abc
1560781813087:search subject Problem
1560781822558:search ticket subject Problem
1560781857847:search 1 a c
1560781865821:search subject Problem
1560781873069:stacktrace
1560781883474:search subject Problem a
1560781890374:search ticket Problem a
1560781972599:quit
1560781992103:search ticket Problem a
1560782421808:quit
1560782439592:help
1560782447280:showfields
1560782578974:quit
1560782592190:showfields
1560782620255:search user active false
1560782624394:search user active true
1560782634303:search user locale2 zh-CN
1560782637586:search user locale\\ zh-CN
1560782640839:search user locale zh-CN
1560782646357:quit
